2024-05-14 14:52:37,354 - INFO - Logs started
2024-05-14 14:52:38,858 - INFO - Processing hl7.fhir.au.base
2024-05-14 14:52:39,051 - INFO - Processing hl7.fhir.au.core
2024-05-14 14:52:39,125 - INFO - Processing hl7.fhir.au.pd@2.0.1
2024-05-14 14:55:45,711 - INFO - Logs started
2024-05-14 14:55:47,042 - INFO - Processing hl7.fhir.au.base
2024-05-14 14:55:47,231 - INFO - Processing hl7.fhir.au.core
2024-05-14 14:55:47,304 - INFO - Processing hl7.fhir.au.pd@2.0.1
2024-05-14 15:06:51,816 - INFO - Logs started
2024-05-14 15:06:53,274 - INFO - Processing hl7.fhir.au.base
2024-05-14 15:06:53,526 - INFO - Processing hl7.fhir.au.core
2024-05-14 15:06:53,600 - INFO - Processing hl7.fhir.au.pd@2.0.1
2024-05-14 15:09:47,887 - INFO - Logs started
2024-05-14 15:09:49,305 - INFO - Processing hl7.fhir.au.base
2024-05-14 15:09:49,495 - INFO - Processing hl7.fhir.au.core
2024-05-14 15:09:49,567 - INFO - Processing hl7.fhir.au.pd@2.0.1
2024-05-14 15:50:33,335 - INFO - Logs started
2024-05-14 15:50:33,977 - INFO - Token was retreived successfully
2024-05-14 15:50:34,737 - INFO - Processing hl7.fhir.au.base
2024-05-14 15:50:34,966 - INFO - Processing hl7.fhir.au.core
2024-05-14 15:50:35,043 - INFO - Processing hl7.fhir.au.pd@2.0.1
2024-05-14 15:50:35,146 - INFO - Entries: 65
2024-05-14 15:50:35,147 - INFO - Bundle file is fhir-resource-bundle-r4-20240430.json
2024-05-14 15:50:37,291 - INFO - Unbundling /Users/osb074/data/ncts-npm/fhir-resource-bundle-r4-20240430.json
2024-05-14 15:50:37,832 - INFO - ...writing CodeSystem: http://www.abs.gov.au/ausstats/abs@.nsf/mf/1292.0
2024-05-14 15:50:37,839 - INFO - ...writing CodeSystem: http://www.abs.gov.au/ausstats/abs@.nsf/mf/1220.0
2024-05-14 15:50:37,896 - INFO - ...writing CodeSystem: http://www.abs.gov.au/ausstats/abs@.nsf/mf/1220.0
2024-05-14 15:50:37,955 - INFO - ...writing CodeSystem: http://www.abs.gov.au/ausstats/abs@.nsf/mf/1220.0
2024-05-14 15:50:38,011 - INFO - ...writing CodeSystem: https://healthterminologies.gov.au/fhir/CodeSystem/anzsco-designation-type-1
2024-05-14 15:50:38,011 - INFO - ...writing CodeSystem: https://healthterminologies.gov.au/fhir/CodeSystem/anzsco-designation-type-1
2024-05-14 15:50:38,012 - INFO - ...writing CodeSystem: https://healthterminologies.gov.au/fhir/CodeSystem/anzsco-designation-type-1
2024-05-14 15:50:38,012 - INFO - ...writing CodeSystem: https://healthterminologies.gov.au/fhir/CodeSystem/australian-benefit-payment-category-1
2024-05-14 15:50:38,013 - INFO - ...writing CodeSystem: https://healthterminologies.gov.au/fhir/CodeSystem/australian-benefit-payment-category-1
2024-05-14 15:50:38,013 - INFO - ...writing CodeSystem: https://healthterminologies.gov.au/fhir/CodeSystem/australian-benefit-payment-category-1
2024-05-14 15:50:38,013 - INFO - ...writing CodeSystem: https://www.humanservices.gov.au/organisations/health-professionals/enablers/air-vaccine-code-formats
2024-05-14 15:50:38,015 - INFO - ...writing CodeSystem: https://www.humanservices.gov.au/organisations/health-professionals/enablers/air-vaccine-code-formats
2024-05-14 15:50:38,017 - INFO - ...writing CodeSystem: https://www.humanservices.gov.au/organisations/health-professionals/enablers/air-vaccine-code-formats
2024-05-14 15:50:38,019 - INFO - ...writing CodeSystem: https://healthterminologies.gov.au/fhir/CodeSystem/australian-indigenous-status-1
2024-05-14 15:50:38,020 - INFO - ...writing CodeSystem: https://healthterminologies.gov.au/fhir/CodeSystem/australian-indigenous-status-1
2024-05-14 15:50:38,020 - INFO - ...writing CodeSystem: https://healthterminologies.gov.au/fhir/CodeSystem/australian-indigenous-status-1
2024-05-14 15:50:38,020 - INFO - ...writing CodeSystem: https://healthterminologies.gov.au/fhir/CodeSystem/australian-states-territories-1
2024-05-14 15:50:38,021 - INFO - ...writing CodeSystem: https://healthterminologies.gov.au/fhir/CodeSystem/australian-states-territories-1
2024-05-14 15:50:38,021 - INFO - ...writing CodeSystem: https://healthterminologies.gov.au/fhir/CodeSystem/australian-states-territories-1
2024-05-14 15:50:38,022 - INFO - ...writing CodeSystem: https://healthterminologies.gov.au/fhir/CodeSystem/australian-veteran-status-1
2024-05-14 15:50:38,022 - INFO - ...writing CodeSystem: https://healthterminologies.gov.au/fhir/CodeSystem/concurrent-supply-grounds-1
2024-05-14 15:50:38,023 - INFO - ...writing CodeSystem: https://healthterminologies.gov.au/fhir/CodeSystem/concurrent-supply-grounds-1
2024-05-14 15:50:38,023 - INFO - ...writing CodeSystem: https://healthterminologies.gov.au/fhir/CodeSystem/concurrent-supply-grounds-1
2024-05-14 15:50:38,024 - INFO - ...writing CodeSystem: https://healthterminologies.gov.au/fhir/CodeSystem/dh-person-name-use-1
2024-05-14 15:50:38,024 - INFO - ...writing CodeSystem: https://healthterminologies.gov.au/fhir/CodeSystem/dh-person-name-use-1
2024-05-14 15:50:38,025 - INFO - ...writing CodeSystem: https://healthterminologies.gov.au/fhir/CodeSystem/dh-person-name-use-2
2024-05-14 15:50:38,025 - INFO - ...writing CodeSystem: https://healthterminologies.gov.au/fhir/CodeSystem/dh-person-name-use-2
2024-05-14 15:50:38,025 - INFO - ...writing CodeSystem: https://healthterminologies.gov.au/fhir/CodeSystem/dh-person-name-use-2
2024-05-14 15:50:38,026 - INFO - ...writing CodeSystem: https://healthterminologies.gov.au/fhir/CodeSystem/date-accuracy-indicator-1
2024-05-14 15:50:38,027 - INFO - ...writing CodeSystem: https://healthterminologies.gov.au/fhir/CodeSystem/date-accuracy-indicator-1
2024-05-14 15:50:38,028 - INFO - ...writing CodeSystem: https://healthterminologies.gov.au/fhir/CodeSystem/date-accuracy-indicator-1
2024-05-14 15:50:38,028 - INFO - ...writing CodeSystem: https://healthterminologies.gov.au/fhir/CodeSystem/healthcare-identifier-geographic-area-1
2024-05-14 15:50:38,029 - INFO - ...writing CodeSystem: https://healthterminologies.gov.au/fhir/CodeSystem/healthcare-identifier-geographic-area-1
2024-05-14 15:50:38,030 - INFO - ...writing CodeSystem: https://healthterminologies.gov.au/fhir/CodeSystem/healthcare-identifier-geographic-area-1
2024-05-14 15:50:38,030 - INFO - ...writing CodeSystem: https://healthterminologies.gov.au/fhir/CodeSystem/ihi-record-status-1
2024-05-14 15:50:38,030 - INFO - ...writing CodeSystem: https://healthterminologies.gov.au/fhir/CodeSystem/ihi-status-1
2024-05-14 15:50:38,031 - INFO - ...writing CodeSystem: https://healthterminologies.gov.au/fhir/CodeSystem/ihi-record-status-1
2024-05-14 15:50:38,031 - INFO - ...writing CodeSystem: https://healthterminologies.gov.au/fhir/CodeSystem/ihi-record-status-1
2024-05-14 15:50:38,031 - INFO - ...writing CodeSystem: https://healthterminologies.gov.au/fhir/CodeSystem/ihi-status-1
2024-05-14 15:50:38,032 - INFO - ...writing CodeSystem: https://healthterminologies.gov.au/fhir/CodeSystem/ihi-status-1
2024-05-14 15:50:38,032 - INFO - ...writing CodeSystem: urn:oid:2.16.840.1.113883.3.879.635994
2024-05-14 15:50:38,032 - INFO - ...writing CodeSystem: urn:oid:2.16.840.1.113883.3.879.635994
2024-05-14 15:50:38,033 - INFO - ...writing CodeSystem: urn:oid:2.16.840.1.113883.3.879.635994
2024-05-14 15:50:38,033 - INFO - ...writing CodeSystem: urn:oid:2.16.840.1.113883.3.879.291036
2024-05-14 15:50:38,033 - INFO - ...writing CodeSystem: urn:oid:2.16.840.1.113883.3.879.291036
2024-05-14 15:50:38,034 - INFO - ...writing CodeSystem: urn:oid:2.16.840.1.113883.3.879.291036
2024-05-14 15:50:38,034 - INFO - ...writing CodeSystem: urn:oid:2.16.840.1.113883.3.879.635126
2024-05-14 15:50:38,034 - INFO - ...writing CodeSystem: https://healthterminologies.gov.au/fhir/CodeSystem/nctis-anatomical-region-values-1
2024-05-14 15:50:38,035 - INFO - ...writing CodeSystem: https://healthterminologies.gov.au/fhir/CodeSystem/nctis-anatomical-region-values-1
2024-05-14 15:50:38,035 - INFO - ...writing CodeSystem: https://healthterminologies.gov.au/fhir/CodeSystem/nctis-data-components-1
2024-05-14 15:50:38,042 - INFO - ...writing CodeSystem: https://healthterminologies.gov.au/fhir/CodeSystem/nctis-data-components-1
2024-05-14 15:50:38,050 - INFO - ...writing CodeSystem: https://healthterminologies.gov.au/fhir/CodeSystem/nctis-data-components-1
2024-05-14 15:50:38,057 - INFO - ...writing CodeSystem: https://healthterminologies.gov.au/fhir/CodeSystem/nctis-data-components-1
2024-05-14 15:50:38,064 - INFO - ...writing CodeSystem: https://healthterminologies.gov.au/fhir/CodeSystem/nctis-data-components-1
2024-05-14 15:50:38,074 - INFO - ...writing CodeSystem: https://healthterminologies.gov.au/fhir/CodeSystem/nctis-data-components-1
2024-05-14 15:50:38,081 - INFO - ...writing CodeSystem: https://healthterminologies.gov.au/fhir/CodeSystem/nctis-data-components-1
2024-05-14 15:50:38,089 - INFO - ...writing CodeSystem: https://healthterminologies.gov.au/fhir/CodeSystem/nctis-document-status-values-1
2024-05-14 15:50:38,090 - INFO - ...writing CodeSystem: https://healthterminologies.gov.au/fhir/CodeSystem/nctis-document-status-values-1
2024-05-14 15:50:38,091 - INFO - ...writing CodeSystem: https://healthterminologies.gov.au/fhir/CodeSystem/nctis-document-status-values-1
2024-05-14 15:50:38,091 - INFO - ...writing CodeSystem: https://healthterminologies.gov.au/fhir/CodeSystem/nctis-global-statement-1
2024-05-14 15:50:38,092 - INFO - ...writing CodeSystem: https://healthterminologies.gov.au/fhir/CodeSystem/nctis-global-statement-1
2024-05-14 15:50:38,092 - INFO - ...writing CodeSystem: https://healthterminologies.gov.au/fhir/CodeSystem/nctis-global-statement-1
2024-05-14 15:50:38,093 - INFO - ...writing CodeSystem: https://healthterminologies.gov.au/fhir/CodeSystem/nctis-request-urgency-values-1
2024-05-14 15:50:38,093 - INFO - ...writing CodeSystem: https://healthterminologies.gov.au/fhir/CodeSystem/nctis-request-urgency-values-1
2024-05-14 15:50:38,094 - INFO - ...writing CodeSystem: https://healthterminologies.gov.au/fhir/CodeSystem/nctis-request-urgency-values-1
2024-05-14 15:50:38,094 - INFO - ...writing CodeSystem: https://healthterminologies.gov.au/fhir/CodeSystem/nctis-result-status-values-1
2024-05-14 15:50:38,095 - INFO - ...writing CodeSystem: https://healthterminologies.gov.au/fhir/CodeSystem/nctis-result-status-values-1
2024-05-14 15:50:38,095 - INFO - ...writing CodeSystem: https://healthterminologies.gov.au/fhir/CodeSystem/nctis-result-status-values-1
2024-05-14 15:50:38,095 - INFO - ...writing CodeSystem: https://healthterminologies.gov.au/fhir/CodeSystem/organisation-name-use-1
2024-05-14 15:50:38,096 - INFO - ...writing CodeSystem: https://healthterminologies.gov.au/fhir/CodeSystem/organisation-name-use-1
2024-05-14 15:50:38,096 - INFO - ...writing CodeSystem: https://healthterminologies.gov.au/fhir/CodeSystem/organisation-name-use-1
2024-05-14 15:50:38,097 - INFO - ...writing CodeSystem: https://healthterminologies.gov.au/fhir/CodeSystem/separation-mode-1
2024-05-14 15:50:38,097 - INFO - ...writing CodeSystem: https://healthterminologies.gov.au/fhir/CodeSystem/separation-mode-1
2024-05-14 15:50:38,097 - INFO - ...writing CodeSystem: https://healthterminologies.gov.au/fhir/CodeSystem/separation-mode-1
2024-05-14 15:50:38,098 - INFO - ...writing CodeSystem: https://healthterminologies.gov.au/fhir/CodeSystem/australian-healthcare-entitlement-type-1
2024-05-14 15:50:38,098 - INFO - ...writing CodeSystem: https://healthterminologies.gov.au/fhir/CodeSystem/australian-healthcare-entitlement-type-1
2024-05-14 15:50:38,099 - INFO - ...writing CodeSystem: https://healthterminologies.gov.au/fhir/CodeSystem/australian-healthcare-entitlement-type-1
2024-05-14 15:50:38,100 - INFO - ...writing ConceptMap: https://healthterminologies.gov.au/fhir/ConceptMap/australian-states-territories-v1-to-v2-1
2024-05-14 15:50:38,101 - INFO - ...writing ConceptMap: https://healthterminologies.gov.au/fhir/ConceptMap/australian-states-territories-v1-to-v2-1
2024-05-14 15:50:38,104 - INFO - ...writing ConceptMap: https://healthterminologies.gov.au/fhir/ConceptMap/common-person-name-use-to-nameuse-hl7-fhir-2
2024-05-14 15:50:38,107 - INFO - ...writing ConceptMap: https://healthterminologies.gov.au/fhir/ConceptMap/compositionstatus-doc-avail-to-nctis-doc-avail-status-1
2024-05-14 15:50:38,109 - INFO - ...writing ConceptMap: https://healthterminologies.gov.au/fhir/ConceptMap/diagnostreportstatus-report-avail-to-nctis-result-stat-val-1
2024-05-14 15:50:38,110 - INFO - ...writing ConceptMap: https://healthterminologies.gov.au/fhir/ConceptMap/diagnosticreportstatus-report-avail-to-v2-rslt-status-obr-1
2024-05-14 15:50:38,111 - INFO - ...writing ConceptMap: https://healthterminologies.gov.au/fhir/ConceptMap/emptyreason-v3-nullflavor-to-nonclinical-emptyreason-fhir-2
2024-05-14 15:50:38,112 - INFO - ...writing ConceptMap: https://healthterminologies.gov.au/fhir/ConceptMap/imag-anatomic-region-of-interest-to-nctis-anatomic-region-1
2024-05-14 15:50:38,113 - INFO - ...writing ConceptMap: https://healthterminologies.gov.au/fhir/ConceptMap/meteor-indigenous-291036-to-australian-indigenous-status-2
2024-05-14 15:50:38,113 - INFO - ...writing ConceptMap: https://healthterminologies.gov.au/fhir/ConceptMap/meteor-person-gender-741825-to-fhir-administrativegender-1
2024-05-14 15:50:38,114 - INFO - ...writing ConceptMap: https://healthterminologies.gov.au/fhir/ConceptMap/meteor-person-gender-635994-to-hl7-fhir-administrativegender-1
2024-05-14 15:50:38,115 - INFO - ...writing ConceptMap: https://healthterminologies.gov.au/fhir/ConceptMap/meteor-person-gender-635994-to-hl7-fhir-administrativegender-1
2024-05-14 15:50:38,115 - INFO - ...writing ConceptMap: https://healthterminologies.gov.au/fhir/ConceptMap/meteor-person-gender-635994-to-hl7-fhir-administrativegender-1
2024-05-14 15:50:38,116 - INFO - ...writing ConceptMap: https://healthterminologies.gov.au/fhir/ConceptMap/meteor-person-sex-635126-to-biological-sex-1
2024-05-14 15:50:38,117 - INFO - ...writing ConceptMap: https://healthterminologies.gov.au/fhir/ConceptMap/nctis-anatomic-region-to-imag-anatomic-region-of-interest-1
2024-05-14 15:50:38,119 - INFO - ...writing ConceptMap: https://healthterminologies.gov.au/fhir/ConceptMap/nctis-doc-avail-status-to-compositionstatus-doc-avail-1
2024-05-14 15:50:38,119 - INFO - ...writing ConceptMap: https://healthterminologies.gov.au/fhir/ConceptMap/organ-donat-consent-component-indicat-to-organ-donat-body-site-1
2024-05-14 15:50:38,120 - INFO - ...writing ConceptMap: https://healthterminologies.gov.au/fhir/ConceptMap/nctis-result-stat-val-to-diagnostreportstatus-report-avail-1
2024-05-14 15:50:38,121 - INFO - ...writing ConceptMap: https://healthterminologies.gov.au/fhir/ConceptMap/nctis-result-status-values-to-observstatus-result-avail-1
2024-05-14 15:50:38,121 - INFO - ...writing ConceptMap: https://healthterminologies.gov.au/fhir/ConceptMap/nameuse-hl7-fhir-to-common-person-name-use-2
2024-05-14 15:50:38,122 - INFO - ...writing ConceptMap: https://healthterminologies.gov.au/fhir/ConceptMap/non-clinical-empty-reason-fhir-to-empty-reason-v3-nullflavor-3
2024-05-14 15:50:38,122 - INFO - ...writing ConceptMap: https://healthterminologies.gov.au/fhir/ConceptMap/observstatus-result-avail-to-nctis-result-status-values-1
2024-05-14 15:50:38,125 - INFO - ...writing ConceptMap: https://healthterminologies.gov.au/fhir/ConceptMap/observstatus-result-avail-to-v2-obs-result-status-1
2024-05-14 15:50:38,125 - INFO - ...writing ConceptMap: https://healthterminologies.gov.au/fhir/ConceptMap/observstatus-rslt-avail-to-v2-rslt-status-obr-rslt-avail-1
2024-05-14 15:50:38,126 - INFO - ...writing ConceptMap: https://healthterminologies.gov.au/fhir/ConceptMap/observstatus-rslt-avail-to-v2-rslt-status-obr-rslt-avail-2
2024-05-14 15:50:38,126 - INFO - ...writing ConceptMap: https://healthterminologies.gov.au/fhir/ConceptMap/organ-donat-body-site-to-organ-donat-consent-component-indicat-1
2024-05-14 15:50:38,129 - INFO - ...writing ConceptMap: https://healthterminologies.gov.au/fhir/ConceptMap/reason-vaccine-not-administered-v1-to-v2-1
2024-05-14 15:50:38,131 - INFO - ...writing ConceptMap: https://healthterminologies.gov.au/fhir/ConceptMap/reason-vaccine-not-administered-v2-to-v3-1
2024-05-14 15:50:38,131 - INFO - ...writing ConceptMap: https://healthterminologies.gov.au/fhir/ConceptMap/requeststatus-reporting-to-v3-actstatus-request-reporting-1
2024-05-14 15:50:38,132 - INFO - ...writing ConceptMap: https://healthterminologies.gov.au/fhir/ConceptMap/meteor-indigenous-291036-to-australian-indigenous-status-1
2024-05-14 15:50:38,132 - INFO - ...writing ConceptMap: https://healthterminologies.gov.au/fhir/ConceptMap/meteor-indigenous-291036-to-australian-indigenous-status-1
2024-05-14 15:50:38,133 - INFO - ...writing ConceptMap: https://healthterminologies.gov.au/fhir/ConceptMap/meteor-indigenous-291036-to-australian-indigenous-status-1
2024-05-14 15:50:38,134 - INFO - ...writing ConceptMap: https://healthterminologies.gov.au/fhir/ConceptMap/v2-obs-result-status-to-observstatus-result-avail-1
2024-05-14 15:50:38,136 - INFO - ...writing ConceptMap: https://healthterminologies.gov.au/fhir/ConceptMap/v2-rslt-status-obr-rslt-avail-to-observstatus-rslt-avail-1
2024-05-14 15:50:38,137 - INFO - ...writing ConceptMap: https://healthterminologies.gov.au/fhir/ConceptMap/v2-rslt-status-obr-rslt-avail-to-observstatus-rslt-avail-2
2024-05-14 15:50:38,137 - INFO - ...writing ConceptMap: https://healthterminologies.gov.au/fhir/ConceptMap/v2-rslt-status-obr-to-diagnosticreportstatus-report-avail-1
2024-05-14 15:50:38,138 - INFO - ...writing ConceptMap: https://healthterminologies.gov.au/fhir/ConceptMap/v3-actstatus-request-reporting-to-requeststatus-reporting-1
2024-05-14 15:50:38,138 - INFO - ...writing CodeSystem: https://healthterminologies.gov.au/fhir/CodeSystem/ncdhc-hi-category-1
2024-05-14 15:50:38,140 - INFO - ...writing CodeSystem: https://healthterminologies.gov.au/fhir/CodeSystem/ncdhc-hi-type-2
2024-05-14 15:50:38,140 - INFO - ...writing CodeSystem: https://healthterminologies.gov.au/fhir/CodeSystem/ncdhc-maternity-model-of-care-1
2024-05-14 15:50:38,141 - INFO - ...writing CodeSystem: https://healthterminologies.gov.au/fhir/CodeSystem/ncdhc-patient-election-status-1
2024-05-14 15:50:38,141 - INFO - ...writing CodeSystem: http://hl7.org.au/fhir/CodeSystem/medicine-item-change
2024-05-14 15:50:38,141 - INFO - ...writing CodeSystem: http://terminology.hl7.org/CodeSystem/data-absent-reason
2024-05-14 15:50:39,469 - INFO - Created file for /Users/osb074/data/npm/healthterminologies.gov.au@4.0.1/node_modules/healthterminologies.gov.au/ValueSet_CommonLanguages_4.3.0-0.json against https://tx.ontoserver.csiro.au/fhir/ValueSet/$expand?url=http%3A%2F%2Fhl7.org%2Ffhir%2FValueSet%2Flanguages&includeDesignations=true&includeDefinition=true
2024-05-14 15:50:39,470 - INFO - ...writing CodeSystem: http://hl7.org/fhir/diagnostic-report-status
2024-05-14 15:50:39,472 - INFO - ...writing CodeSystem: http://hl7.org/fhir/request-status
2024-05-14 15:50:40,545 - INFO - Created file for /Users/osb074/data/npm/healthterminologies.gov.au@4.0.1/node_modules/healthterminologies.gov.au/ValueSet_NameUse_4.3.0-0.json against https://tx.ontoserver.csiro.au/fhir/ValueSet/$expand?url=http%3A%2F%2Fhl7.org%2Ffhir%2FValueSet%2Fname-use&includeDesignations=true&includeDefinition=true
2024-05-14 15:50:40,546 - INFO - ...writing CodeSystem: http://hl7.org/fhir/administrative-gender
2024-05-14 15:50:41,692 - INFO - Created file for /Users/osb074/data/npm/healthterminologies.gov.au@4.0.1/node_modules/healthterminologies.gov.au/ValueSet_AdministrativeGender_4.3.0-0.json against https://tx.ontoserver.csiro.au/fhir/ValueSet/$expand?url=http%3A%2F%2Fhl7.org%2Ffhir%2FValueSet%2Fadministrative-gender&includeDesignations=true&includeDefinition=true
2024-05-14 15:50:41,693 - INFO - ...writing CodeSystem: http://hl7.org/fhir/composition-status
2024-05-14 15:50:41,695 - INFO - ...writing CodeSystem: http://hl7.org/fhir/concept-properties
2024-05-14 15:50:41,696 - INFO - ...writing CodeSystem: http://terminology.hl7.org/CodeSystem/list-empty-reason
2024-05-14 15:50:41,697 - INFO - ...writing CodeSystem: http://terminology.hl7.org.au/CodeSystem/medicine-item-change
2024-05-14 15:50:41,699 - INFO - ...writing CodeSystem: http://hl7.org/fhir/name-use
2024-05-14 15:50:41,700 - INFO - ...writing CodeSystem: http://hl7.org/fhir/observation-status
2024-05-14 15:50:42,848 - INFO - Created file for /Users/osb074/data/npm/healthterminologies.gov.au@4.0.1/node_modules/healthterminologies.gov.au/ValueSet_DataAbsentReason_4.3.0-0.json against https://tx.ontoserver.csiro.au/fhir/ValueSet/$expand?url=http%3A%2F%2Fhl7.org%2Ffhir%2FValueSet%2Fdata-absent-reason&includeDesignations=true&includeDefinition=true
2024-05-14 15:50:42,848 - INFO - ...writing CodeSystem: http://terminology.hl7.org/CodeSystem/v2-0074
2024-05-14 15:50:42,854 - INFO - ...writing CodeSystem: http://terminology.hl7.org/CodeSystem/v2-0085
2024-05-14 15:50:42,857 - INFO - ...writing CodeSystem: http://terminology.hl7.org/CodeSystem/v2-0123
2024-05-14 15:50:42,859 - INFO - ...writing CodeSystem: http://terminology.hl7.org/CodeSystem/v3-ActClass
2024-05-14 15:50:42,872 - INFO - ...writing CodeSystem: http://terminology.hl7.org/CodeSystem/v3-ActMood
2024-05-14 15:50:42,874 - INFO - ...writing CodeSystem: http://terminology.hl7.org/CodeSystem/v3-ActReason
2024-05-14 15:50:42,888 - INFO - ...writing CodeSystem: http://terminology.hl7.org/CodeSystem/v3-ActRelationshipType
2024-05-14 15:50:42,903 - INFO - ...writing CodeSystem: http://terminology.hl7.org/CodeSystem/v3-ActStatus
2024-05-14 15:50:42,904 - INFO - ...writing CodeSystem: http://terminology.hl7.org/CodeSystem/v3-AddressUse
2024-05-14 15:50:42,905 - INFO - ...writing CodeSystem: http://terminology.hl7.org/CodeSystem/v3-EntityNameUse
2024-05-14 15:50:42,906 - INFO - ...writing CodeSystem: http://terminology.hl7.org/CodeSystem/v3-EntityNameUseR2
2024-05-14 15:50:42,907 - INFO - ...writing CodeSystem: http://terminology.hl7.org/CodeSystem/v3-NullFlavor
2024-05-14 15:50:42,909 - INFO - ...writing CodeSystem: http://terminology.hl7.org/CodeSystem/v3-ParticipationType
2024-05-14 15:50:42,914 - INFO - ...writing CodeSystem: http://terminology.hl7.org/CodeSystem/v3-RoleClass
2024-05-14 15:50:43,978 - INFO - Created file for /Users/osb074/data/npm/healthterminologies.gov.au@4.0.1/node_modules/healthterminologies.gov.au/ValueSet_RequestStatus_4.3.0-0.json against https://tx.ontoserver.csiro.au/fhir/ValueSet/$expand?url=http%3A%2F%2Fhl7.org%2Ffhir%2FValueSet%2Frequest-status&includeDesignations=true&includeDefinition=true
2024-05-14 15:50:45,159 - INFO - Created file for /Users/osb074/data/npm/healthterminologies.gov.au@4.0.1/node_modules/healthterminologies.gov.au/ValueSet_ObservationStatus_4.3.0-0.json against https://tx.ontoserver.csiro.au/fhir/ValueSet/$expand?url=http%3A%2F%2Fhl7.org%2Ffhir%2FValueSet%2Fobservation-status&includeDesignations=true&includeDefinition=true
2024-05-14 15:50:46,279 - INFO - Created file for /Users/osb074/data/npm/healthterminologies.gov.au@4.0.1/node_modules/healthterminologies.gov.au/ValueSet_CompositionStatus_4.3.0-0.json against https://tx.ontoserver.csiro.au/fhir/ValueSet/$expand?url=http%3A%2F%2Fhl7.org%2Ffhir%2FValueSet%2Fcomposition-status&includeDesignations=true&includeDefinition=true
2024-05-14 15:50:46,280 - INFO - ...writing CodeSystem: http://terminology.hl7.org/CodeSystem/hl7TermMaintInfra
2024-05-14 15:50:46,283 - INFO - ...writing CodeSystem: http://terminology.hl7.org/CodeSystem/v2-0131
2024-05-14 15:50:46,285 - INFO - ...writing CodeSystem: http://terminology.hl7.org/CodeSystem/v3-EntityClass
2024-05-14 15:50:46,290 - INFO - ...writing CodeSystem: http://terminology.hl7.org/CodeSystem/v3-RoleCode
2024-05-14 15:50:47,976 - INFO - Created file for /Users/osb074/data/npm/healthterminologies.gov.au@4.0.1/node_modules/healthterminologies.gov.au/ValueSet_australian-medicines-terminology-vaccine_1.0.1-0.json against https://tx.ontoserver.csiro.au/fhir/ValueSet/$expand?url=https%3A%2F%2Fhealthterminologies.gov.au%2Ffhir%2FValueSet%2Famt-vaccine-1&includeDesignations=true&includeDefinition=true
2024-05-14 15:50:49,201 - INFO - Created file for /Users/osb074/data/npm/healthterminologies.gov.au@4.0.1/node_modules/healthterminologies.gov.au/ValueSet_AustralianMedicinesTerminologyVaccine_1.0.2-0.json against https://tx.ontoserver.csiro.au/fhir/ValueSet/$expand?url=https%3A%2F%2Fhealthterminologies.gov.au%2Ffhir%2FValueSet%2Famt-vaccine-1&includeDesignations=true&includeDefinition=true
2024-05-14 15:51:11,923 - INFO - Created file for /Users/osb074/data/npm/healthterminologies.gov.au@4.0.1/node_modules/healthterminologies.gov.au/ValueSet_adverse-reaction-agent_1.0.1-160000.json against https://tx.ontoserver.csiro.au/fhir/ValueSet/$expand?url=https%3A%2F%2Fhealthterminologies.gov.au%2Ffhir%2FValueSet%2Fadverse-reaction-agent-1&count=40000&offset=160000&includeDesignations=true&includeDefinition=true
2024-05-14 15:51:20,852 - INFO - Created file for /Users/osb074/data/npm/healthterminologies.gov.au@4.0.1/node_modules/healthterminologies.gov.au/ValueSet_adverse-reaction-agent_1.1.0-160000.json against https://tx.ontoserver.csiro.au/fhir/ValueSet/$expand?url=https%3A%2F%2Fhealthterminologies.gov.au%2Ffhir%2FValueSet%2Fadverse-reaction-agent-1&count=40000&offset=160000&includeDesignations=true&includeDefinition=true
2024-05-14 15:51:27,181 - INFO - Created file for /Users/osb074/data/npm/healthterminologies.gov.au@4.0.1/node_modules/healthterminologies.gov.au/ValueSet_AdverseReactionAgent_1.1.1-160000.json against https://tx.ontoserver.csiro.au/fhir/ValueSet/$expand?url=https%3A%2F%2Fhealthterminologies.gov.au%2Ffhir%2FValueSet%2Fadverse-reaction-agent-1&count=40000&offset=160000&includeDesignations=true&includeDefinition=true
2024-05-14 15:51:28,332 - INFO - Created file for /Users/osb074/data/npm/healthterminologies.gov.au@4.0.1/node_modules/healthterminologies.gov.au/ValueSet_assertion-of-absence_1.0.0-0.json against https://tx.ontoserver.csiro.au/fhir/ValueSet/$expand?url=https%3A%2F%2Fhealthterminologies.gov.au%2Ffhir%2FValueSet%2Fassertion-of-absence-1&includeDesignations=true&includeDefinition=true
2024-05-14 15:51:29,454 - INFO - Created file for /Users/osb074/data/npm/healthterminologies.gov.au@4.0.1/node_modules/healthterminologies.gov.au/ValueSet_AssertionOfAbsence_1.0.1-0.json against https://tx.ontoserver.csiro.au/fhir/ValueSet/$expand?url=https%3A%2F%2Fhealthterminologies.gov.au%2Ffhir%2FValueSet%2Fassertion-of-absence-1&includeDesignations=true&includeDefinition=true
2024-05-14 15:51:30,649 - INFO - Created file for /Users/osb074/data/npm/healthterminologies.gov.au@4.0.1/node_modules/healthterminologies.gov.au/ValueSet_australian-immunisation-register-vaccine_1.0.1-0.json against https://tx.ontoserver.csiro.au/fhir/ValueSet/$expand?url=https%3A%2F%2Fhealthterminologies.gov.au%2Ffhir%2FValueSet%2Faustralian-immunisation-register-vaccine-1&includeDesignations=true&includeDefinition=true
2024-05-14 15:51:31,715 - INFO - Created file for /Users/osb074/data/npm/healthterminologies.gov.au@4.0.1/node_modules/healthterminologies.gov.au/ValueSet_AustralianImmunisationRegisterVaccine_1.0.2-0.json against https://tx.ontoserver.csiro.au/fhir/ValueSet/$expand?url=https%3A%2F%2Fhealthterminologies.gov.au%2Ffhir%2FValueSet%2Faustralian-immunisation-register-vaccine-1&includeDesignations=true&includeDefinition=true
2024-05-14 15:51:32,892 - INFO - Created file for /Users/osb074/data/npm/healthterminologies.gov.au@4.0.1/node_modules/healthterminologies.gov.au/ValueSet_australian-indigenous-status_1.0.1-0.json against https://tx.ontoserver.csiro.au/fhir/ValueSet/$expand?url=https%3A%2F%2Fhealthterminologies.gov.au%2Ffhir%2FValueSet%2Faustralian-indigenous-status-1&includeDesignations=true&includeDefinition=true
2024-05-14 15:51:34,196 - INFO - Created file for /Users/osb074/data/npm/healthterminologies.gov.au@4.0.1/node_modules/healthterminologies.gov.au/ValueSet_AustralianIndigenousStatus_1.0.2-0.json against https://tx.ontoserver.csiro.au/fhir/ValueSet/$expand?url=https%3A%2F%2Fhealthterminologies.gov.au%2Ffhir%2FValueSet%2Faustralian-indigenous-status-1&includeDesignations=true&includeDefinition=true
2024-05-14 15:51:54,363 - INFO - Created file for /Users/osb074/data/npm/healthterminologies.gov.au@4.0.1/node_modules/healthterminologies.gov.au/ValueSet_australian-medication_1.0.1-120000.json against https://tx.ontoserver.csiro.au/fhir/ValueSet/$expand?url=https%3A%2F%2Fhealthterminologies.gov.au%2Ffhir%2FValueSet%2Faustralian-medication-1&count=40000&offset=120000&includeDesignations=true&includeDefinition=true
2024-05-14 15:51:59,593 - INFO - Created file for /Users/osb074/data/npm/healthterminologies.gov.au@4.0.1/node_modules/healthterminologies.gov.au/ValueSet_AustralianMedication_1.0.2-120000.json against https://tx.ontoserver.csiro.au/fhir/ValueSet/$expand?url=https%3A%2F%2Fhealthterminologies.gov.au%2Ffhir%2FValueSet%2Faustralian-medication-1&count=40000&offset=120000&includeDesignations=true&includeDefinition=true
2024-05-14 15:52:00,717 - INFO - Created file for /Users/osb074/data/npm/healthterminologies.gov.au@4.0.1/node_modules/healthterminologies.gov.au/ValueSet_AustralianVeteranStatus_1.0.0-0.json against https://tx.ontoserver.csiro.au/fhir/ValueSet/$expand?url=https%3A%2F%2Fhealthterminologies.gov.au%2Ffhir%2FValueSet%2Faustralian-veteran-status-1&includeDesignations=true&includeDefinition=true
2024-05-14 15:52:01,883 - INFO - Created file for /Users/osb074/data/npm/healthterminologies.gov.au@4.0.1/node_modules/healthterminologies.gov.au/ValueSet_BiologicalSex_1.0.0-0.json against https://tx.ontoserver.csiro.au/fhir/ValueSet/$expand?url=https%3A%2F%2Fhealthterminologies.gov.au%2Ffhir%2FValueSet%2Fbiological-sex-1&includeDesignations=true&includeDefinition=true
2024-05-14 15:52:06,931 - INFO - Created file for /Users/osb074/data/npm/healthterminologies.gov.au@4.0.1/node_modules/healthterminologies.gov.au/ValueSet_body-site_1.0.1-0.json against https://tx.ontoserver.csiro.au/fhir/ValueSet/$expand?url=https%3A%2F%2Fhealthterminologies.gov.au%2Ffhir%2FValueSet%2Fbody-site-1&includeDesignations=true&includeDefinition=true
2024-05-14 15:52:08,633 - INFO - Created file for /Users/osb074/data/npm/healthterminologies.gov.au@4.0.1/node_modules/healthterminologies.gov.au/ValueSet_BodySite_1.0.2-0.json against https://tx.ontoserver.csiro.au/fhir/ValueSet/$expand?url=https%3A%2F%2Fhealthterminologies.gov.au%2Ffhir%2FValueSet%2Fbody-site-1&includeDesignations=true&includeDefinition=true
2024-05-14 15:52:09,786 - INFO - Created file for /Users/osb074/data/npm/healthterminologies.gov.au@4.0.1/node_modules/healthterminologies.gov.au/ValueSet_BodySiteRelativeSiteQualifier_1.0.0-0.json against https://tx.ontoserver.csiro.au/fhir/ValueSet/$expand?url=https%3A%2F%2Fhealthterminologies.gov.au%2Ffhir%2FValueSet%2Fbody-site-relative-site-qualifier-1&includeDesignations=true&includeDefinition=true
2024-05-14 15:52:25,971 - INFO - Created file for /Users/osb074/data/npm/healthterminologies.gov.au@4.0.1/node_modules/healthterminologies.gov.au/ValueSet_clinical-condition_1.0.1-120000.json against https://tx.ontoserver.csiro.au/fhir/ValueSet/$expand?url=https%3A%2F%2Fhealthterminologies.gov.au%2Ffhir%2FValueSet%2Fclinical-condition-1&count=40000&offset=120000&includeDesignations=true&includeDefinition=true
2024-05-14 15:52:31,545 - INFO - Created file for /Users/osb074/data/npm/healthterminologies.gov.au@4.0.1/node_modules/healthterminologies.gov.au/ValueSet_ClinicalCondition_1.0.2-120000.json against https://tx.ontoserver.csiro.au/fhir/ValueSet/$expand?url=https%3A%2F%2Fhealthterminologies.gov.au%2Ffhir%2FValueSet%2Fclinical-condition-1&count=40000&offset=120000&includeDesignations=true&includeDefinition=true
2024-05-14 15:52:46,219 - INFO - Created file for /Users/osb074/data/npm/healthterminologies.gov.au@4.0.1/node_modules/healthterminologies.gov.au/ValueSet_clinical-finding_1.0.1-80000.json against https://tx.ontoserver.csiro.au/fhir/ValueSet/$expand?url=https%3A%2F%2Fhealthterminologies.gov.au%2Ffhir%2FValueSet%2Fclinical-finding-1&count=40000&offset=80000&includeDesignations=true&includeDefinition=true
2024-05-14 15:52:54,218 - INFO - Created file for /Users/osb074/data/npm/healthterminologies.gov.au@4.0.1/node_modules/healthterminologies.gov.au/ValueSet_ClinicalFinding_1.0.2-80000.json against https://tx.ontoserver.csiro.au/fhir/ValueSet/$expand?url=https%3A%2F%2Fhealthterminologies.gov.au%2Ffhir%2FValueSet%2Fclinical-finding-1&count=40000&offset=80000&includeDesignations=true&includeDefinition=true
2024-05-14 15:52:55,391 - INFO - Created file for /Users/osb074/data/npm/healthterminologies.gov.au@4.0.1/node_modules/healthterminologies.gov.au/ValueSet_ClinicalSpecialty_1.0.0-0.json against https://tx.ontoserver.csiro.au/fhir/ValueSet/$expand?url=https%3A%2F%2Fhealthterminologies.gov.au%2Ffhir%2FValueSet%2Fclinical-specialty-1&includeDesignations=true&includeDefinition=true
2024-05-14 15:52:56,555 - INFO - Created file for /Users/osb074/data/npm/healthterminologies.gov.au@4.0.1/node_modules/healthterminologies.gov.au/ValueSet_common-languages-in-australia_2.0.0-0.json against https://tx.ontoserver.csiro.au/fhir/ValueSet/$expand?url=https%3A%2F%2Fhealthterminologies.gov.au%2Ffhir%2FValueSet%2Fcommon-languages-australia-2&includeDesignations=true&includeDefinition=true
2024-05-14 15:52:57,635 - INFO - Created file for /Users/osb074/data/npm/healthterminologies.gov.au@4.0.1/node_modules/healthterminologies.gov.au/ValueSet_common-languages-in-australia_2.1.0-0.json against https://tx.ontoserver.csiro.au/fhir/ValueSet/$expand?url=https%3A%2F%2Fhealthterminologies.gov.au%2Ffhir%2FValueSet%2Fcommon-languages-australia-2&includeDesignations=true&includeDefinition=true
2024-05-14 15:52:58,718 - INFO - Created file for /Users/osb074/data/npm/healthterminologies.gov.au@4.0.1/node_modules/healthterminologies.gov.au/ValueSet_common-languages-in-australia_2.2.0-0.json against https://tx.ontoserver.csiro.au/fhir/ValueSet/$expand?url=https%3A%2F%2Fhealthterminologies.gov.au%2Ffhir%2FValueSet%2Fcommon-languages-australia-2&includeDesignations=true&includeDefinition=true
2024-05-14 15:52:59,886 - INFO - Created file for /Users/osb074/data/npm/healthterminologies.gov.au@4.0.1/node_modules/healthterminologies.gov.au/ValueSet_CommonLanguagesInAustralia_2.2.1-0.json against https://tx.ontoserver.csiro.au/fhir/ValueSet/$expand?url=https%3A%2F%2Fhealthterminologies.gov.au%2Ffhir%2FValueSet%2Fcommon-languages-australia-2&includeDesignations=true&includeDefinition=true
2024-05-14 15:53:01,047 - INFO - Created file for /Users/osb074/data/npm/healthterminologies.gov.au@4.0.1/node_modules/healthterminologies.gov.au/ValueSet_ConcurrentSupplyGrounds_1.0.0-0.json against https://tx.ontoserver.csiro.au/fhir/ValueSet/$expand?url=https%3A%2F%2Fhealthterminologies.gov.au%2Ffhir%2FValueSet%2Fconcurrent-supply-grounds-1&includeDesignations=true&includeDefinition=true
2024-05-14 15:53:02,217 - INFO - Created file for /Users/osb074/data/npm/healthterminologies.gov.au@4.0.1/node_modules/healthterminologies.gov.au/ValueSet_ContactRelationshipType_3.0.0-0.json against https://tx.ontoserver.csiro.au/fhir/ValueSet/$expand?url=https%3A%2F%2Fhealthterminologies.gov.au%2Ffhir%2FValueSet%2Fcontact-relationship-type-3&includeDesignations=true&includeDefinition=true
2024-05-14 15:53:03,310 - INFO - Created file for /Users/osb074/data/npm/healthterminologies.gov.au@4.0.1/node_modules/healthterminologies.gov.au/ValueSet_ContactRelationshipType_3.1.0-0.json against https://tx.ontoserver.csiro.au/fhir/ValueSet/$expand?url=https%3A%2F%2Fhealthterminologies.gov.au%2Ffhir%2FValueSet%2Fcontact-relationship-type-3&includeDesignations=true&includeDefinition=true
2024-05-14 15:53:04,497 - INFO - Created file for /Users/osb074/data/npm/healthterminologies.gov.au@4.0.1/node_modules/healthterminologies.gov.au/ValueSet_date-accuracy-indicator_1.0.1-0.json against https://tx.ontoserver.csiro.au/fhir/ValueSet/$expand?url=https%3A%2F%2Fhealthterminologies.gov.au%2Ffhir%2FValueSet%2Fdate-accuracy-indicator-1&includeDesignations=true&includeDefinition=true
2024-05-14 15:53:05,573 - INFO - Created file for /Users/osb074/data/npm/healthterminologies.gov.au@4.0.1/node_modules/healthterminologies.gov.au/ValueSet_DateAccuracyIndicator_1.0.2-0.json against https://tx.ontoserver.csiro.au/fhir/ValueSet/$expand?url=https%3A%2F%2Fhealthterminologies.gov.au%2Ffhir%2FValueSet%2Fdate-accuracy-indicator-1&includeDesignations=true&includeDefinition=true
2024-05-14 15:53:13,454 - INFO - Created file for /Users/osb074/data/npm/healthterminologies.gov.au@4.0.1/node_modules/healthterminologies.gov.au/ValueSet_encounter-type_1.0.0-40000.json against https://tx.ontoserver.csiro.au/fhir/ValueSet/$expand?url=https%3A%2F%2Fhealthterminologies.gov.au%2Ffhir%2FValueSet%2Fencounter-type-1&count=40000&offset=40000&includeDesignations=true&includeDefinition=true
2024-05-14 15:53:21,115 - INFO - Created file for /Users/osb074/data/npm/healthterminologies.gov.au@4.0.1/node_modules/healthterminologies.gov.au/ValueSet_EncounterType_1.0.1-40000.json against https://tx.ontoserver.csiro.au/fhir/ValueSet/$expand?url=https%3A%2F%2Fhealthterminologies.gov.au%2Ffhir%2FValueSet%2Fencounter-type-1&count=40000&offset=40000&includeDesignations=true&includeDefinition=true
2024-05-14 15:53:24,398 - INFO - Created file for /Users/osb074/data/npm/healthterminologies.gov.au@4.0.1/node_modules/healthterminologies.gov.au/ValueSet_EvaluationProcedure_1.0.0-0.json against https://tx.ontoserver.csiro.au/fhir/ValueSet/$expand?url=https%3A%2F%2Fhealthterminologies.gov.au%2Ffhir%2FValueSet%2Fevaluation-procedure-1&includeDesignations=true&includeDefinition=true
2024-05-14 15:53:25,512 - INFO - Created file for /Users/osb074/data/npm/healthterminologies.gov.au@4.0.1/node_modules/healthterminologies.gov.au/ValueSet_HealthProgramParticipationStatus_1.0.0-0.json against https://tx.ontoserver.csiro.au/fhir/ValueSet/$expand?url=https%3A%2F%2Fhealthterminologies.gov.au%2Ffhir%2FValueSet%2Fhealth-program-participation-status-1&includeDesignations=true&includeDefinition=true
2024-05-14 15:53:26,725 - INFO - Created file for /Users/osb074/data/npm/healthterminologies.gov.au@4.0.1/node_modules/healthterminologies.gov.au/ValueSet_healthcare-organisation-role-type_1.0.0-0.json against https://tx.ontoserver.csiro.au/fhir/ValueSet/$expand?url=https%3A%2F%2Fhealthterminologies.gov.au%2Ffhir%2FValueSet%2Fhealthcare-organisation-role-type-1&includeDesignations=true&includeDefinition=true
2024-05-14 15:53:27,800 - INFO - Created file for /Users/osb074/data/npm/healthterminologies.gov.au@4.0.1/node_modules/healthterminologies.gov.au/ValueSet_HealthcareOrganisationRoleType_1.0.1-0.json against https://tx.ontoserver.csiro.au/fhir/ValueSet/$expand?url=https%3A%2F%2Fhealthterminologies.gov.au%2Ffhir%2FValueSet%2Fhealthcare-organisation-role-type-1&includeDesignations=true&includeDefinition=true
2024-05-14 15:53:28,972 - INFO - Created file for /Users/osb074/data/npm/healthterminologies.gov.au@4.0.1/node_modules/healthterminologies.gov.au/ValueSet_individual-healthcare-identifier-record-status_1.0.1-0.json against https://tx.ontoserver.csiro.au/fhir/ValueSet/$expand?url=https%3A%2F%2Fhealthterminologies.gov.au%2Ffhir%2FValueSet%2Fihi-record-status-1&includeDesignations=true&includeDefinition=true
2024-05-14 15:53:30,058 - INFO - Created file for /Users/osb074/data/npm/healthterminologies.gov.au@4.0.1/node_modules/healthterminologies.gov.au/ValueSet_IndividualHealthcareIdentifierRecordStatus_1.0.2-0.json against https://tx.ontoserver.csiro.au/fhir/ValueSet/$expand?url=https%3A%2F%2Fhealthterminologies.gov.au%2Ffhir%2FValueSet%2Fihi-record-status-1&includeDesignations=true&includeDefinition=true
2024-05-14 15:53:31,174 - INFO - Created file for /Users/osb074/data/npm/healthterminologies.gov.au@4.0.1/node_modules/healthterminologies.gov.au/ValueSet_individual-healthcare-identifier-status_1.0.1-0.json against https://tx.ontoserver.csiro.au/fhir/ValueSet/$expand?url=https%3A%2F%2Fhealthterminologies.gov.au%2Ffhir%2FValueSet%2Fihi-status-1&includeDesignations=true&includeDefinition=true
2024-05-14 15:53:32,240 - INFO - Created file for /Users/osb074/data/npm/healthterminologies.gov.au@4.0.1/node_modules/healthterminologies.gov.au/ValueSet_IndividualHealthcareIdentifierStatus_1.0.2-0.json against https://tx.ontoserver.csiro.au/fhir/ValueSet/$expand?url=https%3A%2F%2Fhealthterminologies.gov.au%2Ffhir%2FValueSet%2Fihi-status-1&includeDesignations=true&includeDefinition=true
2024-05-14 15:53:33,391 - INFO - Created file for /Users/osb074/data/npm/healthterminologies.gov.au@4.0.1/node_modules/healthterminologies.gov.au/ValueSet_ImagingAnatomicRegionOfInterest_1.0.0-0.json against https://tx.ontoserver.csiro.au/fhir/ValueSet/$expand?url=https%3A%2F%2Fhealthterminologies.gov.au%2Ffhir%2FValueSet%2Fimaging-anatomic-region-of-interest-1&includeDesignations=true&includeDefinition=true
2024-05-14 15:53:35,560 - INFO - Created file for /Users/osb074/data/npm/healthterminologies.gov.au@4.0.1/node_modules/healthterminologies.gov.au/ValueSet_imaging-procedure_1.0.1-0.json against https://tx.ontoserver.csiro.au/fhir/ValueSet/$expand?url=https%3A%2F%2Fhealthterminologies.gov.au%2Ffhir%2FValueSet%2Fimaging-procedure-1&includeDesignations=true&includeDefinition=true
2024-05-14 15:53:36,975 - INFO - Created file for /Users/osb074/data/npm/healthterminologies.gov.au@4.0.1/node_modules/healthterminologies.gov.au/ValueSet_ImagingProcedure_1.0.2-0.json against https://tx.ontoserver.csiro.au/fhir/ValueSet/$expand?url=https%3A%2F%2Fhealthterminologies.gov.au%2Ffhir%2FValueSet%2Fimaging-procedure-1&includeDesignations=true&includeDefinition=true
2024-05-14 15:53:38,157 - INFO - Created file for /Users/osb074/data/npm/healthterminologies.gov.au@4.0.1/node_modules/healthterminologies.gov.au/ValueSet_immunisation-anatomical-site_1.0.1-0.json against https://tx.ontoserver.csiro.au/fhir/ValueSet/$expand?url=https%3A%2F%2Fhealthterminologies.gov.au%2Ffhir%2FValueSet%2Fimmunisation-anatomical-site-1&includeDesignations=true&includeDefinition=true
2024-05-14 15:53:39,339 - INFO - Created file for /Users/osb074/data/npm/healthterminologies.gov.au@4.0.1/node_modules/healthterminologies.gov.au/ValueSet_ImmunisationAnatomicalSite_1.0.2-0.json against https://tx.ontoserver.csiro.au/fhir/ValueSet/$expand?url=https%3A%2F%2Fhealthterminologies.gov.au%2Ffhir%2FValueSet%2Fimmunisation-anatomical-site-1&includeDesignations=true&includeDefinition=true
2024-05-14 15:53:40,541 - INFO - Created file for /Users/osb074/data/npm/healthterminologies.gov.au@4.0.1/node_modules/healthterminologies.gov.au/ValueSet_immunisation-route-of-administration_1.0.1-0.json against https://tx.ontoserver.csiro.au/fhir/ValueSet/$expand?url=https%3A%2F%2Fhealthterminologies.gov.au%2Ffhir%2FValueSet%2Fimmunisation-route-of-administration-1&includeDesignations=true&includeDefinition=true
2024-05-14 15:53:41,670 - INFO - Created file for /Users/osb074/data/npm/healthterminologies.gov.au@4.0.1/node_modules/healthterminologies.gov.au/ValueSet_ImmunisationRouteOfAdministration_1.0.2-0.json against https://tx.ontoserver.csiro.au/fhir/ValueSet/$expand?url=https%3A%2F%2Fhealthterminologies.gov.au%2Ffhir%2FValueSet%2Fimmunisation-route-of-administration-1&includeDesignations=true&includeDefinition=true
2024-05-14 15:54:06,446 - INFO - Created file for /Users/osb074/data/npm/healthterminologies.gov.au@4.0.1/node_modules/healthterminologies.gov.au/ValueSet_indicator-of-hypersensitivity-or-intolerance-to-substance_2.0.0-160000.json against https://tx.ontoserver.csiro.au/fhir/ValueSet/$expand?url=https%3A%2F%2Fhealthterminologies.gov.au%2Ffhir%2FValueSet%2Findicator-hypersensitivity-intolerance-to-substance-2&count=40000&offset=160000&includeDesignations=true&includeDefinition=true
2024-05-14 15:54:17,513 - INFO - Created file for /Users/osb074/data/npm/healthterminologies.gov.au@4.0.1/node_modules/healthterminologies.gov.au/ValueSet_IndicatorOfHypersensitivityOrIntoleranceToSubstance_2.0.1-160000.json against https://tx.ontoserver.csiro.au/fhir/ValueSet/$expand?url=https%3A%2F%2Fhealthterminologies.gov.au%2Ffhir%2FValueSet%2Findicator-hypersensitivity-intolerance-to-substance-2&count=40000&offset=160000&includeDesignations=true&includeDefinition=true
2024-05-14 15:54:27,412 - INFO - Created file for /Users/osb074/data/npm/healthterminologies.gov.au@4.0.1/node_modules/healthterminologies.gov.au/ValueSet_IndicatorOfHypersensitivityOrIntoleranceToSubstance_2.1.0-160000.json against https://tx.ontoserver.csiro.au/fhir/ValueSet/$expand?url=https%3A%2F%2Fhealthterminologies.gov.au%2Ffhir%2FValueSet%2Findicator-hypersensitivity-intolerance-to-substance-2&count=40000&offset=160000&includeDesignations=true&includeDefinition=true
2024-05-14 15:54:28,703 - INFO - Created file for /Users/osb074/data/npm/healthterminologies.gov.au@4.0.1/node_modules/healthterminologies.gov.au/ValueSet_medication-form_1.0.1-0.json against https://tx.ontoserver.csiro.au/fhir/ValueSet/$expand?url=https%3A%2F%2Fhealthterminologies.gov.au%2Ffhir%2FValueSet%2Fmedication-form-1&includeDesignations=true&includeDefinition=true
2024-05-14 15:54:29,840 - INFO - Created file for /Users/osb074/data/npm/healthterminologies.gov.au@4.0.1/node_modules/healthterminologies.gov.au/ValueSet_medication-form_1.1.0-0.json against https://tx.ontoserver.csiro.au/fhir/ValueSet/$expand?url=https%3A%2F%2Fhealthterminologies.gov.au%2Ffhir%2FValueSet%2Fmedication-form-1&includeDesignations=true&includeDefinition=true
2024-05-14 15:54:30,931 - INFO - Created file for /Users/osb074/data/npm/healthterminologies.gov.au@4.0.1/node_modules/healthterminologies.gov.au/ValueSet_MedicationForm_1.1.1-0.json against https://tx.ontoserver.csiro.au/fhir/ValueSet/$expand?url=https%3A%2F%2Fhealthterminologies.gov.au%2Ffhir%2FValueSet%2Fmedication-form-1&includeDesignations=true&includeDefinition=true
2024-05-14 15:54:47,054 - INFO - Created file for /Users/osb074/data/npm/healthterminologies.gov.au@4.0.1/node_modules/healthterminologies.gov.au/ValueSet_medication-reason-taken_1.0.1-120000.json against https://tx.ontoserver.csiro.au/fhir/ValueSet/$expand?url=https%3A%2F%2Fhealthterminologies.gov.au%2Ffhir%2FValueSet%2Fmedication-reason-taken-1&count=40000&offset=120000&includeDesignations=true&includeDefinition=true
2024-05-14 15:54:52,167 - INFO - Created file for /Users/osb074/data/npm/healthterminologies.gov.au@4.0.1/node_modules/healthterminologies.gov.au/ValueSet_MedicationReasonTaken_1.0.2-120000.json against https://tx.ontoserver.csiro.au/fhir/ValueSet/$expand?url=https%3A%2F%2Fhealthterminologies.gov.au%2Ffhir%2FValueSet%2Fmedication-reason-taken-1&count=40000&offset=120000&includeDesignations=true&includeDefinition=true
2024-05-14 15:54:57,133 - INFO - Created file for /Users/osb074/data/npm/healthterminologies.gov.au@4.0.1/node_modules/healthterminologies.gov.au/ValueSet_MedicationReasonTaken_1.1.0-120000.json against https://tx.ontoserver.csiro.au/fhir/ValueSet/$expand?url=https%3A%2F%2Fhealthterminologies.gov.au%2Ffhir%2FValueSet%2Fmedication-reason-taken-1&count=40000&offset=120000&includeDesignations=true&includeDefinition=true
2024-05-14 15:54:58,266 - INFO - Created file for /Users/osb074/data/npm/healthterminologies.gov.au@4.0.1/node_modules/healthterminologies.gov.au/ValueSet_medicine-substitution-reason_1.0.0-0.json against https://tx.ontoserver.csiro.au/fhir/ValueSet/$expand?url=https%3A%2F%2Fhealthterminologies.gov.au%2Ffhir%2FValueSet%2Fmedicine-substitution-reason-1&includeDesignations=true&includeDefinition=true
2024-05-14 15:54:59,343 - INFO - Created file for /Users/osb074/data/npm/healthterminologies.gov.au@4.0.1/node_modules/healthterminologies.gov.au/ValueSet_MedicineSubstitutionReason_1.0.1-0.json against https://tx.ontoserver.csiro.au/fhir/ValueSet/$expand?url=https%3A%2F%2Fhealthterminologies.gov.au%2Ffhir%2FValueSet%2Fmedicine-substitution-reason-1&includeDesignations=true&includeDefinition=true
2024-05-14 15:55:00,425 - INFO - Created file for /Users/osb074/data/npm/healthterminologies.gov.au@4.0.1/node_modules/healthterminologies.gov.au/ValueSet_MetricBodyLengthUnits_1.0.0-0.json against https://tx.ontoserver.csiro.au/fhir/ValueSet/$expand?url=https%3A%2F%2Fhealthterminologies.gov.au%2Ffhir%2FValueSet%2Fmetric-body-length-units-1&includeDesignations=true&includeDefinition=true
2024-05-14 15:55:01,545 - INFO - Created file for /Users/osb074/data/npm/healthterminologies.gov.au@4.0.1/node_modules/healthterminologies.gov.au/ValueSet_MetricBodyTemperatureUnits_1.0.0-0.json against https://tx.ontoserver.csiro.au/fhir/ValueSet/$expand?url=https%3A%2F%2Fhealthterminologies.gov.au%2Ffhir%2FValueSet%2Fmetric-body-temperature-units-1&includeDesignations=true&includeDefinition=true
2024-05-14 15:55:02,650 - INFO - Created file for /Users/osb074/data/npm/healthterminologies.gov.au@4.0.1/node_modules/healthterminologies.gov.au/ValueSet_MetricBodyWeightUnits_1.0.0-0.json against https://tx.ontoserver.csiro.au/fhir/ValueSet/$expand?url=https%3A%2F%2Fhealthterminologies.gov.au%2Ffhir%2FValueSet%2Fmetric-body-weight-units-1&includeDesignations=true&includeDefinition=true
2024-05-14 15:55:03,762 - INFO - Created file for /Users/osb074/data/npm/healthterminologies.gov.au@4.0.1/node_modules/healthterminologies.gov.au/ValueSet_ObservationStatusResultAvailable_1.0.0-0.json against https://tx.ontoserver.csiro.au/fhir/ValueSet/$expand?url=https%3A%2F%2Fhealthterminologies.gov.au%2Ffhir%2FValueSet%2Fobservationstatus-result-available-1&includeDesignations=true&includeDefinition=true
2024-05-14 15:55:04,861 - INFO - Created file for /Users/osb074/data/npm/healthterminologies.gov.au@4.0.1/node_modules/healthterminologies.gov.au/ValueSet_ParticipationinHealthProgram_1.0.0-0.json against https://tx.ontoserver.csiro.au/fhir/ValueSet/$expand?url=https%3A%2F%2Fhealthterminologies.gov.au%2Ffhir%2FValueSet%2Fparticipation-in-health-program-1&includeDesignations=true&includeDefinition=true
2024-05-14 15:55:05,960 - INFO - Created file for /Users/osb074/data/npm/healthterminologies.gov.au@4.0.1/node_modules/healthterminologies.gov.au/ValueSet_PathologyDiagnosticServiceCategory_1.0.0-0.json against https://tx.ontoserver.csiro.au/fhir/ValueSet/$expand?url=https%3A%2F%2Fhealthterminologies.gov.au%2Ffhir%2FValueSet%2Fpathology-diagnostic-service-category-1&includeDesignations=true&includeDefinition=true
2024-05-14 15:55:07,225 - INFO - Created file for /Users/osb074/data/npm/healthterminologies.gov.au@4.0.1/node_modules/healthterminologies.gov.au/ValueSet_practitioner-role_1.0.1-0.json against https://tx.ontoserver.csiro.au/fhir/ValueSet/$expand?url=https%3A%2F%2Fhealthterminologies.gov.au%2Ffhir%2FValueSet%2Fpractitioner-role-1&includeDesignations=true&includeDefinition=true
2024-05-14 15:55:08,466 - INFO - Created file for /Users/osb074/data/npm/healthterminologies.gov.au@4.0.1/node_modules/healthterminologies.gov.au/ValueSet_PractitionerRole_1.0.2-0.json against https://tx.ontoserver.csiro.au/fhir/ValueSet/$expand?url=https%3A%2F%2Fhealthterminologies.gov.au%2Ffhir%2FValueSet%2Fpractitioner-role-1&includeDesignations=true&includeDefinition=true
2024-05-14 15:55:16,283 - INFO - Created file for /Users/osb074/data/npm/healthterminologies.gov.au@4.0.1/node_modules/healthterminologies.gov.au/ValueSet_procedure_1.0.1-40000.json against https://tx.ontoserver.csiro.au/fhir/ValueSet/$expand?url=https%3A%2F%2Fhealthterminologies.gov.au%2Ffhir%2FValueSet%2Fprocedure-1&count=40000&offset=40000&includeDesignations=true&includeDefinition=true
2024-05-14 15:55:19,093 - INFO - Created file for /Users/osb074/data/npm/healthterminologies.gov.au@4.0.1/node_modules/healthterminologies.gov.au/ValueSet_Procedure_1.0.2-40000.json against https://tx.ontoserver.csiro.au/fhir/ValueSet/$expand?url=https%3A%2F%2Fhealthterminologies.gov.au%2Ffhir%2FValueSet%2Fprocedure-1&count=40000&offset=40000&includeDesignations=true&includeDefinition=true
2024-05-14 15:55:45,487 - INFO - Created file for /Users/osb074/data/npm/healthterminologies.gov.au@4.0.1/node_modules/healthterminologies.gov.au/ValueSet_reason-for-request_1.0.0-160000.json against https://tx.ontoserver.csiro.au/fhir/ValueSet/$expand?url=https%3A%2F%2Fhealthterminologies.gov.au%2Ffhir%2FValueSet%2Freason-for-request-1&count=40000&offset=160000&includeDesignations=true&includeDefinition=true
2024-05-14 15:55:51,938 - INFO - Created file for /Users/osb074/data/npm/healthterminologies.gov.au@4.0.1/node_modules/healthterminologies.gov.au/ValueSet_ReasonForRequest_1.0.1-160000.json against https://tx.ontoserver.csiro.au/fhir/ValueSet/$expand?url=https%3A%2F%2Fhealthterminologies.gov.au%2Ffhir%2FValueSet%2Freason-for-request-1&count=40000&offset=160000&includeDesignations=true&includeDefinition=true
2024-05-14 15:55:53,032 - INFO - Created file for /Users/osb074/data/npm/healthterminologies.gov.au@4.0.1/node_modules/healthterminologies.gov.au/ValueSet_ReasonForNonParticipationInHealthProgram_1.0.0-0.json against https://tx.ontoserver.csiro.au/fhir/ValueSet/$expand?url=https%3A%2F%2Fhealthterminologies.gov.au%2Ffhir%2FValueSet%2Freason-non-participation-health-program-1&includeDesignations=true&includeDefinition=true
2024-05-14 15:55:54,204 - INFO - Created file for /Users/osb074/data/npm/healthterminologies.gov.au@4.0.1/node_modules/healthterminologies.gov.au/ValueSet_reason-vaccine-administered_1.0.1-0.json against https://tx.ontoserver.csiro.au/fhir/ValueSet/$expand?url=https%3A%2F%2Fhealthterminologies.gov.au%2Ffhir%2FValueSet%2Freason-vaccine-administered-1&includeDesignations=true&includeDefinition=true
2024-05-14 15:55:55,283 - INFO - Created file for /Users/osb074/data/npm/healthterminologies.gov.au@4.0.1/node_modules/healthterminologies.gov.au/ValueSet_ReasonVaccineAdministered_1.0.2-0.json against https://tx.ontoserver.csiro.au/fhir/ValueSet/$expand?url=https%3A%2F%2Fhealthterminologies.gov.au%2Ffhir%2FValueSet%2Freason-vaccine-administered-1&includeDesignations=true&includeDefinition=true
2024-05-14 15:55:56,394 - INFO - Created file for /Users/osb074/data/npm/healthterminologies.gov.au@4.0.1/node_modules/healthterminologies.gov.au/ValueSet_ReasonVaccineNotAdministered_3.0.0-0.json against https://tx.ontoserver.csiro.au/fhir/ValueSet/$expand?url=https%3A%2F%2Fhealthterminologies.gov.au%2Ffhir%2FValueSet%2Freason-vaccine-not-administered-3&includeDesignations=true&includeDefinition=true
2024-05-14 15:55:57,548 - INFO - Created file for /Users/osb074/data/npm/healthterminologies.gov.au@4.0.1/node_modules/healthterminologies.gov.au/ValueSet_RelatedPersonRelationshipType_1.2.2-0.json against https://tx.ontoserver.csiro.au/fhir/ValueSet/$expand?url=https%3A%2F%2Fhealthterminologies.gov.au%2Ffhir%2FValueSet%2Frelated-person-relationship-type-1&includeDesignations=true&includeDefinition=true
2024-05-14 15:55:58,733 - INFO - Created file for /Users/osb074/data/npm/healthterminologies.gov.au@4.0.1/node_modules/healthterminologies.gov.au/ValueSet_route-of-administration_1.0.1-0.json against https://tx.ontoserver.csiro.au/fhir/ValueSet/$expand?url=https%3A%2F%2Fhealthterminologies.gov.au%2Ffhir%2FValueSet%2Froute-of-administration-1&includeDesignations=true&includeDefinition=true
2024-05-14 15:55:59,815 - INFO - Created file for /Users/osb074/data/npm/healthterminologies.gov.au@4.0.1/node_modules/healthterminologies.gov.au/ValueSet_RouteOfAdministration_1.0.2-0.json against https://tx.ontoserver.csiro.au/fhir/ValueSet/$expand?url=https%3A%2F%2Fhealthterminologies.gov.au%2Ffhir%2FValueSet%2Froute-of-administration-1&includeDesignations=true&includeDefinition=true
2024-05-14 15:56:01,371 - INFO - Created file for /Users/osb074/data/npm/healthterminologies.gov.au@4.0.1/node_modules/healthterminologies.gov.au/ValueSet_RCPASPIAPathologyReporting_1.0.0-0.json against https://tx.ontoserver.csiro.au/fhir/ValueSet/$expand?url=https%3A%2F%2Fhealthterminologies.gov.au%2Ffhir%2FValueSet%2Fspia-pathology-reporting-1&includeDesignations=true&includeDefinition=true
2024-05-14 15:56:02,509 - INFO - Created file for /Users/osb074/data/npm/healthterminologies.gov.au@4.0.1/node_modules/healthterminologies.gov.au/ValueSet_separation-mode_1.0.0-0.json against https://tx.ontoserver.csiro.au/fhir/ValueSet/$expand?url=https%3A%2F%2Fhealthterminologies.gov.au%2Ffhir%2FValueSet%2Fseparation-mode-1&includeDesignations=true&includeDefinition=true
2024-05-14 15:56:03,651 - INFO - Created file for /Users/osb074/data/npm/healthterminologies.gov.au@4.0.1/node_modules/healthterminologies.gov.au/ValueSet_SeparationMode_1.0.1-0.json against https://tx.ontoserver.csiro.au/fhir/ValueSet/$expand?url=https%3A%2F%2Fhealthterminologies.gov.au%2Ffhir%2FValueSet%2Fseparation-mode-1&includeDesignations=true&includeDefinition=true
2024-05-14 15:56:04,918 - INFO - Created file for /Users/osb074/data/npm/healthterminologies.gov.au@4.0.1/node_modules/healthterminologies.gov.au/ValueSet_ServiceType_1.0.0-0.json against https://tx.ontoserver.csiro.au/fhir/ValueSet/$expand?url=https%3A%2F%2Fhealthterminologies.gov.au%2Ffhir%2FValueSet%2Fservice-type-1&includeDesignations=true&includeDefinition=true
2024-05-14 15:56:06,035 - INFO - Created file for /Users/osb074/data/npm/healthterminologies.gov.au@4.0.1/node_modules/healthterminologies.gov.au/ValueSet_SmokingStatus_1.0.0-0.json against https://tx.ontoserver.csiro.au/fhir/ValueSet/$expand?url=https%3A%2F%2Fhealthterminologies.gov.au%2Ffhir%2FValueSet%2Fsmoking-status-1&includeDesignations=true&includeDefinition=true
2024-05-14 15:56:07,234 - INFO - Created file for /Users/osb074/data/npm/healthterminologies.gov.au@4.0.1/node_modules/healthterminologies.gov.au/ValueSet_specimen-collection-procedure_1.0.1-0.json against https://tx.ontoserver.csiro.au/fhir/ValueSet/$expand?url=https%3A%2F%2Fhealthterminologies.gov.au%2Ffhir%2FValueSet%2Fspecimen-collection-procedure-1&includeDesignations=true&includeDefinition=true
2024-05-14 15:56:08,325 - INFO - Created file for /Users/osb074/data/npm/healthterminologies.gov.au@4.0.1/node_modules/healthterminologies.gov.au/ValueSet_SpecimenCollectionProcedure_1.0.2-0.json against https://tx.ontoserver.csiro.au/fhir/ValueSet/$expand?url=https%3A%2F%2Fhealthterminologies.gov.au%2Ffhir%2FValueSet%2Fspecimen-collection-procedure-1&includeDesignations=true&includeDefinition=true
2024-05-14 15:56:09,509 - INFO - Created file for /Users/osb074/data/npm/healthterminologies.gov.au@4.0.1/node_modules/healthterminologies.gov.au/ValueSet_specimen-type_1.0.1-0.json against https://tx.ontoserver.csiro.au/fhir/ValueSet/$expand?url=https%3A%2F%2Fhealthterminologies.gov.au%2Ffhir%2FValueSet%2Fspecimen-type-1&includeDesignations=true&includeDefinition=true
2024-05-14 15:56:10,715 - INFO - Created file for /Users/osb074/data/npm/healthterminologies.gov.au@4.0.1/node_modules/healthterminologies.gov.au/ValueSet_SpecimenType_1.0.2-0.json against https://tx.ontoserver.csiro.au/fhir/ValueSet/$expand?url=https%3A%2F%2Fhealthterminologies.gov.au%2Ffhir%2FValueSet%2Fspecimen-type-1&includeDesignations=true&includeDefinition=true
2024-05-14 15:56:14,927 - INFO - Created file for /Users/osb074/data/npm/healthterminologies.gov.au@4.0.1/node_modules/healthterminologies.gov.au/ValueSet_substance_1.0.0-0.json against https://tx.ontoserver.csiro.au/fhir/ValueSet/$expand?url=https%3A%2F%2Fhealthterminologies.gov.au%2Ffhir%2FValueSet%2Fsubstance-1&includeDesignations=true&includeDefinition=true
2024-05-14 15:56:16,657 - INFO - Created file for /Users/osb074/data/npm/healthterminologies.gov.au@4.0.1/node_modules/healthterminologies.gov.au/ValueSet_Substance_1.0.1-0.json against https://tx.ontoserver.csiro.au/fhir/ValueSet/$expand?url=https%3A%2F%2Fhealthterminologies.gov.au%2Ffhir%2FValueSet%2Fsubstance-1&includeDesignations=true&includeDefinition=true
2024-05-14 15:56:18,601 - INFO - Created file for /Users/osb074/data/npm/healthterminologies.gov.au@4.0.1/node_modules/healthterminologies.gov.au/ValueSet_vaccination-target-disease_1.0.1-0.json against https://tx.ontoserver.csiro.au/fhir/ValueSet/$expand?url=https%3A%2F%2Fhealthterminologies.gov.au%2Ffhir%2FValueSet%2Fvaccination-target-disease-1&includeDesignations=true&includeDefinition=true
2024-05-14 15:56:19,915 - INFO - Created file for /Users/osb074/data/npm/healthterminologies.gov.au@4.0.1/node_modules/healthterminologies.gov.au/ValueSet_VaccinationTargetDisease_1.0.2-0.json against https://tx.ontoserver.csiro.au/fhir/ValueSet/$expand?url=https%3A%2F%2Fhealthterminologies.gov.au%2Ffhir%2FValueSet%2Fvaccination-target-disease-1&includeDesignations=true&includeDefinition=true
2024-05-14 15:56:20,982 - INFO - Created file for /Users/osb074/data/npm/healthterminologies.gov.au@4.0.1/node_modules/healthterminologies.gov.au/ValueSet_australian-states-and-territories_2.0.1-0.json against https://tx.ontoserver.csiro.au/fhir/ValueSet/$expand?url=https%3A%2F%2Fhealthterminologies.gov.au%2Ffhir%2FValueSet%2Faustralian-states-territories-2&includeDesignations=true&includeDefinition=true
2024-05-14 15:56:22,018 - INFO - Created file for /Users/osb074/data/npm/healthterminologies.gov.au@4.0.1/node_modules/healthterminologies.gov.au/ValueSet_AustralianStatesAndTerritories_2.0.2-0.json against https://tx.ontoserver.csiro.au/fhir/ValueSet/$expand?url=https%3A%2F%2Fhealthterminologies.gov.au%2Ffhir%2FValueSet%2Faustralian-states-territories-2&includeDesignations=true&includeDefinition=true
2024-05-14 15:56:23,161 - INFO - Created file for /Users/osb074/data/npm/healthterminologies.gov.au@4.0.1/node_modules/healthterminologies.gov.au/ValueSet_related-person-relationship-type_1.1.1-0.json against https://tx.ontoserver.csiro.au/fhir/ValueSet/$expand?url=https%3A%2F%2Fhealthterminologies.gov.au%2Ffhir%2FValueSet%2Frelated-person-relationship-type-1&includeDesignations=true&includeDefinition=true
2024-05-14 15:56:24,231 - INFO - Created file for /Users/osb074/data/npm/healthterminologies.gov.au@4.0.1/node_modules/healthterminologies.gov.au/ValueSet_RelatedPersonRelationshipType_1.1.2-0.json against https://tx.ontoserver.csiro.au/fhir/ValueSet/$expand?url=https%3A%2F%2Fhealthterminologies.gov.au%2Ffhir%2FValueSet%2Frelated-person-relationship-type-1&includeDesignations=true&includeDefinition=true
2024-05-14 15:56:25,387 - INFO - Created file for /Users/osb074/data/npm/healthterminologies.gov.au@4.0.1/node_modules/healthterminologies.gov.au/ValueSet_specimen-container-type_1.0.1-0.json against https://tx.ontoserver.csiro.au/fhir/ValueSet/$expand?url=https%3A%2F%2Fhealthterminologies.gov.au%2Ffhir%2FValueSet%2Fspecimen-container-type-1&includeDesignations=true&includeDefinition=true
2024-05-14 15:56:26,454 - INFO - Created file for /Users/osb074/data/npm/healthterminologies.gov.au@4.0.1/node_modules/healthterminologies.gov.au/ValueSet_SpecimenContainerType_1.0.2-0.json against https://tx.ontoserver.csiro.au/fhir/ValueSet/$expand?url=https%3A%2F%2Fhealthterminologies.gov.au%2Ffhir%2FValueSet%2Fspecimen-container-type-1&includeDesignations=true&includeDefinition=true
2024-05-14 15:56:26,455 - INFO - ...writing CodeSystem: https://www.humanservices.gov.au/organisations/health-professionals/enablers/air-vaccine-code-formats
2024-05-14 15:56:26,463 - INFO - ...writing CodeSystem: https://www.humanservices.gov.au/organisations/health-professionals/enablers/air-vaccine-code-formats
2024-05-14 15:56:26,470 - INFO - ...writing CodeSystem: https://www.humanservices.gov.au/organisations/health-professionals/enablers/air-vaccine-code-formats
2024-05-14 15:56:26,475 - INFO - ...writing CodeSystem: https://www.humanservices.gov.au/organisations/health-professionals/enablers/air-vaccine-code-formats
2024-05-14 15:56:26,479 - INFO - ...writing CodeSystem: https://www.humanservices.gov.au/organisations/health-professionals/enablers/air-vaccine-code-formats
2024-05-14 15:56:26,483 - INFO - ...writing CodeSystem: https://www.humanservices.gov.au/organisations/health-professionals/enablers/air-vaccine-code-formats
2024-05-14 15:56:26,487 - INFO - ...writing CodeSystem: https://www.humanservices.gov.au/organisations/health-professionals/enablers/air-vaccine-code-formats
2024-05-14 15:56:26,492 - INFO - ...writing CodeSystem: https://www.humanservices.gov.au/organisations/health-professionals/enablers/air-vaccine-code-formats
2024-05-14 15:56:26,495 - INFO - ...writing CodeSystem: https://www.humanservices.gov.au/organisations/health-professionals/enablers/air-vaccine-code-formats
2024-05-14 15:56:26,499 - INFO - ...writing CodeSystem: https://healthterminologies.gov.au/fhir/CodeSystem/hisproviderclassification-1
2024-05-14 15:56:26,505 - INFO - ...writing CodeSystem: https://healthterminologies.gov.au/fhir/CodeSystem/hisproviderclassification-1
2024-05-14 15:56:26,510 - INFO - ...writing CodeSystem: https://healthterminologies.gov.au/fhir/CodeSystem/nctis-data-components-1
2024-05-14 15:56:26,520 - INFO - ...writing CodeSystem: https://healthterminologies.gov.au/fhir/CodeSystem/nctis-data-components-1
2024-05-14 15:56:26,530 - INFO - ...writing CodeSystem: https://healthterminologies.gov.au/fhir/CodeSystem/nctis-data-components-1
2024-05-14 15:56:26,539 - INFO - ...writing CodeSystem: https://healthterminologies.gov.au/fhir/CodeSystem/nctis-data-components-1
2024-05-14 15:56:26,549 - INFO - ...writing CodeSystem: https://healthterminologies.gov.au/fhir/CodeSystem/nctis-data-components-1
2024-05-14 15:56:26,557 - INFO - ...writing CodeSystem: https://healthterminologies.gov.au/fhir/CodeSystem/nctis-data-components-1
2024-05-14 15:56:26,566 - INFO - ...writing CodeSystem: https://healthterminologies.gov.au/fhir/CodeSystem/nctis-data-components-1
2024-05-14 15:56:26,597 - INFO - ...writing CodeSystem: https://healthterminologies.gov.au/fhir/CodeSystem/nctis-data-components-1
2024-05-14 15:56:26,574 - INFO - ...writing CodeSystem: https://healthterminologies.gov.au/fhir/CodeSystem/nctis-data-components-1
2024-05-14 15:56:26,582 - INFO - ...writing CodeSystem: https://healthterminologies.gov.au/fhir/CodeSystem/nctis-data-components-1
2024-05-14 15:56:26,590 - INFO - ...writing CodeSystem: https://healthterminologies.gov.au/fhir/CodeSystem/nctis-data-components-1
2024-05-14 15:56:26,611 - INFO - Completed
2024-05-14 15:56:26,611 - INFO - Logs finished
